mode: set
github.com/nicholas-karimi/bookings/internals/render/render.go:22.40,24.2 1 1
github.com/nicholas-karimi/bookings/internals/render/render.go:26.95,32.2 5 1
github.com/nicholas-karimi/bookings/internals/render/render.go:34.117,37.18 2 1
github.com/nicholas-karimi/bookings/internals/render/render.go:37.18,41.3 1 0
github.com/nicholas-karimi/bookings/internals/render/render.go:41.8,44.3 1 1
github.com/nicholas-karimi/bookings/internals/render/render.go:46.2,47.9 2 1
github.com/nicholas-karimi/bookings/internals/render/render.go:47.9,50.3 1 1
github.com/nicholas-karimi/bookings/internals/render/render.go:52.2,58.16 5 1
github.com/nicholas-karimi/bookings/internals/render/render.go:58.16,61.3 2 0
github.com/nicholas-karimi/bookings/internals/render/render.go:63.2,63.12 1 1
github.com/nicholas-karimi/bookings/internals/render/render.go:67.67,71.16 3 1
github.com/nicholas-karimi/bookings/internals/render/render.go:71.16,73.3 1 0
github.com/nicholas-karimi/bookings/internals/render/render.go:75.2,75.29 1 1
github.com/nicholas-karimi/bookings/internals/render/render.go:75.29,79.17 3 1
github.com/nicholas-karimi/bookings/internals/render/render.go:79.17,81.4 1 0
github.com/nicholas-karimi/bookings/internals/render/render.go:83.3,84.17 2 1
github.com/nicholas-karimi/bookings/internals/render/render.go:84.17,86.4 1 0
github.com/nicholas-karimi/bookings/internals/render/render.go:88.3,88.23 1 1
github.com/nicholas-karimi/bookings/internals/render/render.go:88.23,90.18 2 1
github.com/nicholas-karimi/bookings/internals/render/render.go:90.18,92.5 1 0
github.com/nicholas-karimi/bookings/internals/render/render.go:95.3,95.21 1 1
github.com/nicholas-karimi/bookings/internals/render/render.go:97.2,97.21 1 1
