mode: set
github.com/nicholas-karimi/bookings/cmd/web/main.go:23.13,26.16 2 0
github.com/nicholas-karimi/bookings/cmd/web/main.go:26.16,28.3 1 0
github.com/nicholas-karimi/bookings/cmd/web/main.go:29.2,43.21 8 0
github.com/nicholas-karimi/bookings/cmd/web/main.go:47.18,65.16 10 1
github.com/nicholas-karimi/bookings/cmd/web/main.go:65.16,68.3 2 0
github.com/nicholas-karimi/bookings/cmd/web/main.go:70.2,79.12 5 1
github.com/nicholas-karimi/bookings/cmd/web/middleware.go:9.53,10.71 1 0
github.com/nicholas-karimi/bookings/cmd/web/middleware.go:10.71,16.3 2 0
github.com/nicholas-karimi/bookings/cmd/web/middleware.go:21.45,32.2 3 1
github.com/nicholas-karimi/bookings/cmd/web/middleware.go:34.50,37.2 1 1
github.com/nicholas-karimi/bookings/cmd/web/routes.go:11.49,41.2 18 1
